Change Component Footprint: Designator=Q1 Old Footprint=INF-SOT343_V New Footprint=INF-TSFP-4-1_V
Change Component Comment : Designator=Q1 Old Comment=SOT343 New Comment=BFP720F
Change component parameters: Designator = "Q1"; Footprint = "INF-TSFP-4-1_V"; UniqueID = "\FCNFJBMD"
Change component parameters. Clean all parameters for all variants
Change component parameters (AddParameter): Name = "ComponentLink1Description"; Value = "Manufacturer URL"; VariantName = "[No Variations]"
Change component parameters (AddParameter): Name = "ComponentLink1URL"; Value = "http://www.infineon.com/"; VariantName = "[No Variations]"
Change component parameters (AddParameter): Name = "ComponentLink2Description"; Value = "Datasheet"; VariantName = "[No Variations]"
Change component parameters (AddParameter): Name = "ComponentLink2URL"; Value = "http://www.infineon.com/dgdl/bfp720f.pdf?folderId=db3a30431400ef68011425b291f205c5&fileId=db3a30431ddc9372011e2673bdbf4727&location=en.Products.RF.RF_Transistors_.Ultra_Low_Noise_SiGe_C_Transistors_for_use_up_to_12_GHz.DATASHEET.bfp720f.pdf"; VariantName = "[No Variations]"
Change component parameters (AddParameter): Name = "ComponentLink3Description"; Value = "Package Specification"; VariantName = "[No Variations]"
Change component parameters (AddParameter): Name = "ComponentLink3URL"; Value = "http://www.infineon.com/dgdl/TSFP-4-1%2C-2-Package_Overview.pdf?folderId=db3a30431936bc4b011953b7d203683d&fileId=db3a30431936bc4b011953c249663734"; VariantName = "[No Variations]"
Change component parameters (AddParameter): Name = "DatasheetVersion"; Value = "Rev. 1.0"; VariantName = "[No Variations]"
Change component parameters (AddParameter): Name = "Gmax (typ)"; Value = "26 dB"; VariantName = "[No Variations]"
Change component parameters (AddParameter): Name = "Green"; Value = "yes"; VariantName = "[No Variations]"
Change component parameters (AddParameter): Name = "Group"; Value = "Ultra low noise SiGe"; VariantName = "[No Variations]"
Change component parameters (AddParameter): Name = "Halogen-free"; Value = "yes"; VariantName = "[No Variations]"
Change component parameters (AddParameter): Name = "IC (max)"; Value = "20 mA"; VariantName = "[No Variations]"
Change component parameters (AddParameter): Name = "Manufacturer"; Value = "Infineon"; VariantName = "[No Variations]"
Change component parameters (AddParameter): Name = "Mounting Technology"; Value = "Surface Mount"; VariantName = "[No Variations]"
Change component parameters (AddParameter): Name = "NFmin (typ)"; Value = "0.5 dB"; VariantName = "[No Variations]"
Change component parameters (AddParameter): Name = "PackageDescription"; Value = "4-Pin Thin Small Flat Package, 0.8 x 1.4 mm Body, 0.5 mm Pitch"; VariantName = "[No Variations]"
Change component parameters (AddParameter): Name = "PackageReference"; Value = "TSFP-4-1"; VariantName = "[No Variations]"
Change component parameters (AddParameter): Name = "PartNumber"; Value = "BFP720F"; VariantName = "[No Variations]"
Change component parameters (AddParameter): Name = "Ptot (max)"; Value = "80mW"; VariantName = "[No Variations]"
Change component parameters (AddParameter): Name = "VCEO (max)"; Value = "4 V"; VariantName = "[No Variations]"
Added Pin To Net: NetName=B Pin=D3-2
Added Pin To Net: NetName=B Pin=Q1-1
Added Pin To Net: NetName=B Pin=Z3-2
Added Pin To Net: NetName=B Pin=Z4-2
Added Pin To Net: NetName=B Pin=Z5-2
Added Net: Name=B
Added Pin To Net: NetName=C Pin=D3-1
Added Pin To Net: NetName=C Pin=Q1-3
Added Pin To Net: NetName=C Pin=R3-1
Added Pin To Net: NetName=C Pin=Z7-2
Added Pin To Net: NetName=C Pin=Z8-2
Added Pin To Net: NetName=C Pin=Z9-1
Added Net: Name=C
Added Pin To Net: NetName=E Pin=C2-2
Added Pin To Net: NetName=E Pin=Q1-2
Added Pin To Net: NetName=E Pin=R4-2
Added Pin To Net: NetName=E Pin=Z6-2
Added Net: Name=E
Added Pin To Net: NetName=GND Pin=C2-1
Added Pin To Net: NetName=GND Pin=C4-1
Added Pin To Net: NetName=GND Pin=C5-1
Added Pin To Net: NetName=GND Pin=C6-1
Added Pin To Net: NetName=GND Pin=C7-1
Added Pin To Net: NetName=GND Pin=C8-1
Added Pin To Net: NetName=GND Pin=D1-2
Added Pin To Net: NetName=GND Pin=D2-1
Added Pin To Net: NetName=GND Pin=R2-1
Added Pin To Net: NetName=GND Pin=R4-1
Added Pin To Net: NetName=GND Pin=U1-2
Added Pin To Net: NetName=GND Pin=Z2-1
Added Pin To Net: NetName=GND Pin=Z4-1
Added Pin To Net: NetName=GND Pin=Z5-1
Added Pin To Net: NetName=GND Pin=Z6-1
Added Pin To Net: NetName=GND Pin=Z7-1
Added Pin To Net: NetName=GND Pin=Z8-1
Added Pin To Net: NetName=GND Pin=Z10-1
Added Pin To Net: NetName=GND Pin=Z11-1
Added Net: Name=GND
Added Pin To Net: NetName=N1 Pin=C1-2
Added Pin To Net: NetName=N1 Pin=Z1-1
Added Net: Name=N1
Added Pin To Net: NetName=N2 Pin=R1-1
Added Pin To Net: NetName=N2 Pin=R2-2
Added Pin To Net: NetName=N2 Pin=Z1-2
Added Pin To Net: NetName=N2 Pin=Z2-2
Added Pin To Net: NetName=N2 Pin=Z3-1
Added Net: Name=N2
Added Pin To Net: NetName=N3 Pin=C3-1
Added Pin To Net: NetName=N3 Pin=Z9-2
Added Pin To Net: NetName=N3 Pin=Z10-2
Added Pin To Net: NetName=N3 Pin=Z11-2
Added Net: Name=N3
Added Pin To Net: NetName=Vbatt Pin=C7-2
Added Pin To Net: NetName=Vbatt Pin=C8-2
Added Pin To Net: NetName=Vbatt Pin=U1-1
Added Pin To Net: NetName=Vbatt Pin=U1-3
Added Net: Name=Vbatt
Added Pin To Net: NetName=Vcc Pin=C4-2
Added Pin To Net: NetName=Vcc Pin=C5-2
Added Pin To Net: NetName=Vcc Pin=C6-2
Added Pin To Net: NetName=Vcc Pin=R1-2
Added Pin To Net: NetName=Vcc Pin=R3-2
Added Pin To Net: NetName=Vcc Pin=U1-5
Added Net: Name=Vcc
Added Pin To Net: NetName=Vin Pin=C1-1
Added Pin To Net: NetName=Vin Pin=D1-1
Added Pin To Net: NetName=Vin Pin=D2-2
Added Net: Name=Vin
Added Pin To Net: NetName=Vout Pin=C3-2
Added Net: Name=Vout
Added Class: Name=CE_BJTInfineonTSFP-4-1_v1
Added Room: Name=CE_BJTInfineonTSFP-4-1_v1
