Added Pin To Net: NetName=B Pin=C1-2
Added Pin To Net: NetName=B Pin=D3-2
Added Pin To Net: NetName=B Pin=Q1-1
Added Pin To Net: NetName=B Pin=R1-1
Added Pin To Net: NetName=B Pin=R2-2
Added Net: Name=B
Added Pin To Net: NetName=C Pin=C3-1
Added Pin To Net: NetName=C Pin=D3-1
Added Pin To Net: NetName=C Pin=Q1-3
Added Pin To Net: NetName=C Pin=R3-1
Added Net: Name=C
Added Pin To Net: NetName=E Pin=C2-2
Added Pin To Net: NetName=E Pin=Q1-2
Added Pin To Net: NetName=E Pin=R4-2
Added Net: Name=E
Added Pin To Net: NetName=GND Pin=C2-1
Added Pin To Net: NetName=GND Pin=C4-1
Added Pin To Net: NetName=GND Pin=C5-1
Added Pin To Net: NetName=GND Pin=C6-1
Added Pin To Net: NetName=GND Pin=C7-1
Added Pin To Net: NetName=GND Pin=C8-1
Added Pin To Net: NetName=GND Pin=D1-2
Added Pin To Net: NetName=GND Pin=D2-1
Added Pin To Net: NetName=GND Pin=R2-1
Added Pin To Net: NetName=GND Pin=R4-1
Added Pin To Net: NetName=GND Pin=U1-2
Added Net: Name=GND
Added Pin To Net: NetName=Vbatt Pin=C7-2
Added Pin To Net: NetName=Vbatt Pin=C8-2
Added Pin To Net: NetName=Vbatt Pin=U1-1
Added Pin To Net: NetName=Vbatt Pin=U1-3
Added Net: Name=Vbatt
Added Pin To Net: NetName=Vcc Pin=C4-2
Added Pin To Net: NetName=Vcc Pin=C5-2
Added Pin To Net: NetName=Vcc Pin=C6-2
Added Pin To Net: NetName=Vcc Pin=R1-2
Added Pin To Net: NetName=Vcc Pin=R3-2
Added Pin To Net: NetName=Vcc Pin=U1-5
Added Net: Name=Vcc
Added Pin To Net: NetName=Vin Pin=C1-1
Added Pin To Net: NetName=Vin Pin=D1-1
Added Pin To Net: NetName=Vin Pin=D2-2
Added Net: Name=Vin
Added Pin To Net: NetName=Vout Pin=C3-2
Added Net: Name=Vout
Added Class: Name=CS_JFETOnSemiSOT23_Simple_v1
Added Room: Name=CS_JFETOnSemiSOT23_Simple_v1
