Change Component Comment : Designator=D1 Old Comment=BAT15-03W New Comment=
Change Component Comment : Designator=D2 Old Comment=BAT15-03W New Comment=
Change Component Comment : Designator=D3 Old Comment=BAT15-03W New Comment=
Change Component Comment : Designator=Q1 Old Comment=BFP840ESD New Comment=SOT343
Change Component Comment : Designator=C2 Old Comment=Part Number: C0201C270J3GACTU New Comment=
Change Component Comment : Designator=C3 Old Comment=Part Number: C0201C270J3GACTU New Comment=
Change Component Comment : Designator=C1 Old Comment=Part Number: C0201C270J3GACTU New Comment=Cin
Change Component Comment : Designator=C4 Old Comment=Part Number: CBR02C399C3GAC New Comment=
Change Component Comment : Designator=C5 Old Comment=Part Number: CBR02C399C3GAC New Comment=
Change Component Comment : Designator=R1 Old Comment=Part Number: RC0201FR-0718KL New Comment=
Change Component Comment : Designator=R2 Old Comment=Part Number: RC0201FR-0718KL New Comment=
Change Component Comment : Designator=R3 Old Comment=Part Number: RC0201FR-0718KL New Comment=
Change Component Comment : Designator=R4 Old Comment=Part Number: RC0201FR-0718KL New Comment=
Change Component Comment : Designator=Z1 Old Comment=Part Number: RC0201FR-0718KL New Comment=
Change Component Comment : Designator=Z3 Old Comment=Part Number: RC0201FR-0718KL New Comment=
Change Component Comment : Designator=Z4 Old Comment=Part Number: RC0201FR-0718KL New Comment=
Change Component Comment : Designator=Z5 Old Comment=Part Number: RC0201FR-0718KL New Comment=
Change Component Comment : Designator=Z6 Old Comment=Part Number: RC0201FR-0718KL New Comment=
Change Component Comment : Designator=Z7 Old Comment=Part Number: RC0201FR-0718KL New Comment=
Change Component Comment : Designator=Z8 Old Comment=Part Number: RC0201FR-0718KL New Comment=
Change Component Comment : Designator=Z9 Old Comment=Part Number: RC0201FR-0718KL New Comment=
Change Component Comment : Designator=Z10 Old Comment=Part Number: RC0201FR-0718KL New Comment=
Change Component Comment : Designator=Z11 Old Comment=Part Number: RC0201FR-0718KL New Comment=
Added Member To Class: ClassName=CE_BJTInfineonSOT343_v1 Member=Component Z2 Part Number: RC0201FR-0718KL
