Change Component Comment : Designator=D1 Old Comment= New Comment=BAT15-03W
Change Component Comment : Designator=D2 Old Comment= New Comment=BAT15-03W
Change Component Comment : Designator=D3 Old Comment= New Comment=BAT15-03W
Change Component Comment : Designator=C2 Old Comment= New Comment=Part Number: C0201C270J3GACTU
Change Component Comment : Designator=C3 Old Comment= New Comment=Part Number: C0201C270J3GACTU
Change Component Comment : Designator=C4 Old Comment= New Comment=Part Number: CBR02C399C3GAC
Change Component Comment : Designator=C5 Old Comment= New Comment=Part Number: CBR02C399C3GAC
Change Component Comment : Designator=R1 Old Comment= New Comment=Part Number: RC0201FR-0718KL
Change Component Comment : Designator=R2 Old Comment= New Comment=Part Number: RC0201FR-0718KL
Change Component Comment : Designator=R3 Old Comment= New Comment=Part Number: RC0201FR-0718KL
Change Component Comment : Designator=R4 Old Comment= New Comment=Part Number: RC0201FR-0718KL
Change Component Comment : Designator=Z1 Old Comment= New Comment=Part Number: RC0201FR-0718KL
Change Component Comment : Designator=Z2 Old Comment= New Comment=Part Number: RC0201FR-0718KL
Change Component Comment : Designator=Z3 Old Comment= New Comment=Part Number: RC0201FR-0718KL
Change Component Comment : Designator=Z4 Old Comment= New Comment=Part Number: RC0201FR-0718KL
Change Component Comment : Designator=Z5 Old Comment= New Comment=Part Number: RC0201FR-0718KL
Change Component Comment : Designator=Z6 Old Comment= New Comment=Part Number: RC0201FR-0718KL
Change Component Comment : Designator=Z7 Old Comment= New Comment=Part Number: RC0201FR-0718KL
Change Component Comment : Designator=Z8 Old Comment= New Comment=Part Number: RC0201FR-0718KL
Change Component Comment : Designator=Z9 Old Comment= New Comment=Part Number: RC0201FR-0718KL
Change Component Comment : Designator=Z10 Old Comment= New Comment=Part Number: RC0201FR-0718KL
Change Component Comment : Designator=Z11 Old Comment= New Comment=Part Number: RC0201FR-0718KL
Change Component Comment : Designator=C1 Old Comment=Cin New Comment=Part Number: C0201C270J3GACTU
Change Component Comment : Designator=Q1 Old Comment=SOT343 New Comment=BFP840ESD
