Replace Part C1 C0201C270J3GACTU in C:\Users\Dvir\Documents\School Stuff\ENPH 4th Year Term 1\Capstone\NMR_Preamplifier\Altium\CE_BJTInfineonSOT343\Modular_v1\CE_BJTInfineonSOT343_v1.SchDoc with C0201C270J3GACTU from 0201Capacitor_Yageo.IntLib
Replace Part C2 C0201C270J3GACTU in C:\Users\Dvir\Documents\School Stuff\ENPH 4th Year Term 1\Capstone\NMR_Preamplifier\Altium\CE_BJTInfineonSOT343\Modular_v1\CE_BJTInfineonSOT343_v1.SchDoc with C0201C270J3GACTU from 0201Capacitor_Yageo.IntLib
Replace Part C3 C0201C270J3GACTU in C:\Users\Dvir\Documents\School Stuff\ENPH 4th Year Term 1\Capstone\NMR_Preamplifier\Altium\CE_BJTInfineonSOT343\Modular_v1\CE_BJTInfineonSOT343_v1.SchDoc with C0201C270J3GACTU from 0201Capacitor_Yageo.IntLib
Replace Part C4 CBR02C399C3GAC in C:\Users\Dvir\Documents\School Stuff\ENPH 4th Year Term 1\Capstone\NMR_Preamplifier\Altium\CE_BJTInfineonSOT343\Modular_v1\CE_BJTInfineonSOT343_v1.SchDoc with CBR02C399C3GAC from 0201Capacitor_KEMET.IntLib
Replace Part C5 CBR02C399C3GAC in C:\Users\Dvir\Documents\School Stuff\ENPH 4th Year Term 1\Capstone\NMR_Preamplifier\Altium\CE_BJTInfineonSOT343\Modular_v1\CE_BJTInfineonSOT343_v1.SchDoc with CBR02C399C3GAC from 0201Capacitor_KEMET.IntLib
Replace Part D1 BAT15-03W in C:\Users\Dvir\Documents\School Stuff\ENPH 4th Year Term 1\Capstone\NMR_Preamplifier\Altium\CE_BJTInfineonSOT343\Modular_v1\CE_BJTInfineonSOT343_v1.SchDoc with BAT15-03W from Infineon_RFSchottkyDiode_SOD323.IntLib
Replace Part D2 BAT15-03W in C:\Users\Dvir\Documents\School Stuff\ENPH 4th Year Term 1\Capstone\NMR_Preamplifier\Altium\CE_BJTInfineonSOT343\Modular_v1\CE_BJTInfineonSOT343_v1.SchDoc with BAT15-03W from Infineon_RFSchottkyDiode_SOD323.IntLib
Replace Part D3 BAT15-03W in C:\Users\Dvir\Documents\School Stuff\ENPH 4th Year Term 1\Capstone\NMR_Preamplifier\Altium\CE_BJTInfineonSOT343\Modular_v1\CE_BJTInfineonSOT343_v1.SchDoc with BAT15-03W from Infineon_RFSchottkyDiode_SOD323.IntLib
Replace Part P1 Header 2 in C:\Users\Dvir\Documents\School Stuff\ENPH 4th Year Term 1\Capstone\NMR_Preamplifier\Altium\CE_BJTInfineonSOT343\Modular_v1\CE_BJTInfineonSOT343_v1.SchDoc with Header 2 from Miscellaneous Connectors.IntLib
Replace Part Q1 BFP840ESD in C:\Users\Dvir\Documents\School Stuff\ENPH 4th Year Term 1\Capstone\NMR_Preamplifier\Altium\CE_BJTInfineonSOT343\Modular_v1\CE_BJTInfineonSOT343_v1.SchDoc with BFP840ESD from Infineon_RFBJT_SOT343.IntLib
Replace Part R1 RC0201FR-0718KL in C:\Users\Dvir\Documents\School Stuff\ENPH 4th Year Term 1\Capstone\NMR_Preamplifier\Altium\CE_BJTInfineonSOT343\Modular_v1\CE_BJTInfineonSOT343_v1.SchDoc with RC0201FR-0718KL from 0201Resistor_Yageo.IntLib
Replace Part R2 RC0201FR-0718KL in C:\Users\Dvir\Documents\School Stuff\ENPH 4th Year Term 1\Capstone\NMR_Preamplifier\Altium\CE_BJTInfineonSOT343\Modular_v1\CE_BJTInfineonSOT343_v1.SchDoc with RC0201FR-0718KL from 0201Resistor_Yageo.IntLib
Replace Part R3 RC0201FR-0718KL in C:\Users\Dvir\Documents\School Stuff\ENPH 4th Year Term 1\Capstone\NMR_Preamplifier\Altium\CE_BJTInfineonSOT343\Modular_v1\CE_BJTInfineonSOT343_v1.SchDoc with RC0201FR-0718KL from 0201Resistor_Yageo.IntLib
Replace Part R4 RC0201FR-0718KL in C:\Users\Dvir\Documents\School Stuff\ENPH 4th Year Term 1\Capstone\NMR_Preamplifier\Altium\CE_BJTInfineonSOT343\Modular_v1\CE_BJTInfineonSOT343_v1.SchDoc with RC0201FR-0718KL from 0201Resistor_Yageo.IntLib
Replace Part Z1 RC0201FR-0718KL in C:\Users\Dvir\Documents\School Stuff\ENPH 4th Year Term 1\Capstone\NMR_Preamplifier\Altium\CE_BJTInfineonSOT343\Modular_v1\CE_BJTInfineonSOT343_v1.SchDoc with RC0201FR-0718KL from 0201Resistor_Yageo.IntLib
Replace Part Z2 RC0201FR-0718KL in C:\Users\Dvir\Documents\School Stuff\ENPH 4th Year Term 1\Capstone\NMR_Preamplifier\Altium\CE_BJTInfineonSOT343\Modular_v1\CE_BJTInfineonSOT343_v1.SchDoc with RC0201FR-0718KL from 0201Resistor_Yageo.IntLib
Replace Part Z3 RC0201FR-0718KL in C:\Users\Dvir\Documents\School Stuff\ENPH 4th Year Term 1\Capstone\NMR_Preamplifier\Altium\CE_BJTInfineonSOT343\Modular_v1\CE_BJTInfineonSOT343_v1.SchDoc with RC0201FR-0718KL from 0201Resistor_Yageo.IntLib
Replace Part Z4 RC0201FR-0718KL in C:\Users\Dvir\Documents\School Stuff\ENPH 4th Year Term 1\Capstone\NMR_Preamplifier\Altium\CE_BJTInfineonSOT343\Modular_v1\CE_BJTInfineonSOT343_v1.SchDoc with RC0201FR-0718KL from 0201Resistor_Yageo.IntLib
Replace Part Z5 RC0201FR-0718KL in C:\Users\Dvir\Documents\School Stuff\ENPH 4th Year Term 1\Capstone\NMR_Preamplifier\Altium\CE_BJTInfineonSOT343\Modular_v1\CE_BJTInfineonSOT343_v1.SchDoc with RC0201FR-0718KL from 0201Resistor_Yageo.IntLib
Replace Part Z6 RC0201FR-0718KL in C:\Users\Dvir\Documents\School Stuff\ENPH 4th Year Term 1\Capstone\NMR_Preamplifier\Altium\CE_BJTInfineonSOT343\Modular_v1\CE_BJTInfineonSOT343_v1.SchDoc with RC0201FR-0718KL from 0201Resistor_Yageo.IntLib
Replace Part Z7 RC0201FR-0718KL in C:\Users\Dvir\Documents\School Stuff\ENPH 4th Year Term 1\Capstone\NMR_Preamplifier\Altium\CE_BJTInfineonSOT343\Modular_v1\CE_BJTInfineonSOT343_v1.SchDoc with RC0201FR-0718KL from 0201Resistor_Yageo.IntLib
Replace Part Z8 RC0201FR-0718KL in C:\Users\Dvir\Documents\School Stuff\ENPH 4th Year Term 1\Capstone\NMR_Preamplifier\Altium\CE_BJTInfineonSOT343\Modular_v1\CE_BJTInfineonSOT343_v1.SchDoc with RC0201FR-0718KL from 0201Resistor_Yageo.IntLib
Replace Part Z9 RC0201FR-0718KL in C:\Users\Dvir\Documents\School Stuff\ENPH 4th Year Term 1\Capstone\NMR_Preamplifier\Altium\CE_BJTInfineonSOT343\Modular_v1\CE_BJTInfineonSOT343_v1.SchDoc with RC0201FR-0718KL from 0201Resistor_Yageo.IntLib
Replace Part Z10 RC0201FR-0718KL in C:\Users\Dvir\Documents\School Stuff\ENPH 4th Year Term 1\Capstone\NMR_Preamplifier\Altium\CE_BJTInfineonSOT343\Modular_v1\CE_BJTInfineonSOT343_v1.SchDoc with RC0201FR-0718KL from 0201Resistor_Yageo.IntLib
Replace Part Z11 RC0201FR-0718KL in C:\Users\Dvir\Documents\School Stuff\ENPH 4th Year Term 1\Capstone\NMR_Preamplifier\Altium\CE_BJTInfineonSOT343\Modular_v1\CE_BJTInfineonSOT343_v1.SchDoc with RC0201FR-0718KL from 0201Resistor_Yageo.IntLib
